<?xml version="1.0" encoding="UTF-8"?>
<testng-results ignored="0" total="1" passed="1" failed="0" skipped="0">
  <reporter-output>
  </reporter-output>
  <suite started-at="2023-12-30T16:20:34 IST" name="Default suite" finished-at="2023-12-30T16:20:41 IST" duration-ms="7706">
    <groups>
    </groups>
    <test started-at="2023-12-30T16:20:34 IST" name="Default test" finished-at="2023-12-30T16:20:41 IST" duration-ms="7706">
      <class name="testpkg.westsidetest">
        <test-method is-config="true" signature="setUp()[pri:0, instance:testpkg.westsidetest@7b36aa0c]" started-at="2023-12-30T16:20:34 IST" name="setUp" finished-at="2023-12-30T16:20:39 IST" duration-ms="5871" status="PASS">
          <reporter-output>
          </reporter-output>
        </test-method> <!-- setUp -->
        <test-method signature="set()[pri:0, instance:testpkg.westsidetest@7b36aa0c]" started-at="2023-12-30T16:20:39 IST" name="set" finished-at="2023-12-30T16:20:41 IST" duration-ms="1724" status="PASS">
          <reporter-output>
          </reporter-output>
        </test-method> <!-- set -->
      </class> <!-- testpkg.westsidetest -->
    </test> <!-- Default test -->
  </suite> <!-- Default suite -->
</testng-results>
